[debug] [2022-08-04T01:07:35.365Z] ----------------------------------------------------------------------
[debug] [2022-08-04T01:07:35.367Z] Command:       D:\Program Files\nodejs\node.exe C:\Users\NicoDesktop\AppData\Roaming\npm\node_modules\firebase-tools\lib\bin\firebase.js init
[debug] [2022-08-04T01:07:35.367Z] CLI Version:   10.2.1
[debug] [2022-08-04T01:07:35.368Z] Platform:      win32
[debug] [2022-08-04T01:07:35.368Z] Node Version:  v16.13.0
[debug] [2022-08-04T01:07:35.369Z] Time:          Wed Aug 03 2022 22:07:35 GMT-0300 (hora estándar de Argentina)
[debug] [2022-08-04T01:07:35.370Z] ----------------------------------------------------------------------
[debug] 
[debug] [2022-08-04T01:07:35.380Z] >>> [apiv2][query] GET https://firebase-public.firebaseio.com/cli.json [none]
[debug] [2022-08-04T01:07:35.533Z] > command requires scopes: ["email","openid","https://www.googleapis.com/auth/cloudplatformprojects.readonly","https://www.googleapis.com/auth/firebase","https://www.googleapis.com/auth/cloud-platform"]
[debug] [2022-08-04T01:07:35.533Z] > authorizing via signed-in user (nicocoronati@gmail.com)
[info] 
     ######## #### ########  ######## ########     ###     ######  ########
     ##        ##  ##     ## ##       ##     ##  ##   ##  ##       ##
     ######    ##  ########  ######   ########  #########  ######  ######
     ##        ##  ##    ##  ##       ##     ## ##     ##       ## ##
     ##       #### ##     ## ######## ########  ##     ##  ######  ########

You're about to initialize a Firebase project in this directory:

  D:\Descargas Almacenadas\Universidad\Cursos\Argentina Programa\YoProgramo\Proyecto Final\Portfolio\portfolio\FrontEnd

Before we get started, keep in mind:

  * You are initializing within an existing Firebase project directory

[debug] [2022-08-04T01:07:35.961Z] <<< [apiv2][status] GET https://firebase-public.firebaseio.com/cli.json 200
[debug] [2022-08-04T01:07:35.961Z] <<< [apiv2][body] GET https://firebase-public.firebaseio.com/cli.json {"cloudBuildErrorAfter":1594252800000,"cloudBuildWarnAfter":1590019200000,"defaultNode10After":1594252800000,"minVersion":"3.0.5","node8DeploysDisabledAfter":1613390400000,"node8RuntimeDisabledAfter":1615809600000,"node8WarnAfter":1600128000000}
[debug] [2022-08-04T01:08:29.903Z] Error: kill ENOSYS
    at process.kill (node:internal/process/per_thread:215:13)
    at process.listener (C:\Users\NicoDesktop\AppData\Roaming\npm\node_modules\firebase-tools\node_modules\signal-exit\index.js:95:15)
    at process.emit (node:events:390:28)
[error] 
[error] Error: An unexpected error has occurred.
